<?xml version="1.0" encoding="UTF-8"?>
<!-- Generated by org.testng.reporters.JUnitReportReporter -->
<testsuite skipped="0" hostname="vibha.local" name="com.zoopla.testcases.AgentPageTestCase" tests="2" failures="0" timestamp="27 Aug 2019 10:19:01 GMT" time="55.800" errors="0">
  <testcase name="verifyAgentPhoneNumberTestCase" time="28.896" classname="com.zoopla.testcases.AgentPageTestCase"/>
  <testcase name="verifyAgentNameTestCase" time="26.904" classname="com.zoopla.testcases.AgentPageTestCase"/>
</testsuite> <!-- com.zoopla.testcases.AgentPageTestCase -->
