<?xml version="1.0" encoding="UTF-8"?>
<!-- Generated by org.testng.reporters.JUnitReportReporter -->
<testsuite skipped="0" hostname="vibha.local" name="com.zoopla.testcases.PropertyListPageTestCase" tests="5" failures="0" timestamp="27 Aug 2019 10:19:01 GMT" time="83.917" errors="0">
  <testcase name="printAllPropertyPriceTestCase" time="16.218" classname="com.zoopla.testcases.PropertyListPageTestCase"/>
  <testcase name="printCountOfPropertiesDisplayedTestCase" time="15.682" classname="com.zoopla.testcases.PropertyListPageTestCase"/>
  <testcase name="clickOnSelectedPropertyTestCase" time="20.302" classname="com.zoopla.testcases.PropertyListPageTestCase"/>
  <testcase name="printPropertyPriceInSortedOrderTestCase" time="16.567" classname="com.zoopla.testcases.PropertyListPageTestCase"/>
  <testcase name="printSelectedPropertyPriceTestCase" time="15.148" classname="com.zoopla.testcases.PropertyListPageTestCase"/>
</testsuite> <!-- com.zoopla.testcases.PropertyListPageTestCase -->
