<?xml version="1.0" encoding="UTF-8"?>
<!-- Generated by org.testng.reporters.JUnitReportReporter -->
<testsuite skipped="0" hostname="vibha.local" name="com.zoopla.testcases.PropertyDetailsPageTestCase" tests="2" failures="0" timestamp="27 Aug 2019 10:19:01 GMT" time="51.128" errors="0">
  <testcase name="clickOnAgentNameTestCase" time="26.515" classname="com.zoopla.testcases.PropertyDetailsPageTestCase"/>
  <testcase name="getAgentDetailsTestCase" time="24.613" classname="com.zoopla.testcases.PropertyDetailsPageTestCase"/>
</testsuite> <!-- com.zoopla.testcases.PropertyDetailsPageTestCase -->
