<?xml version="1.0" encoding="UTF-8"?>
<!-- Generated by org.testng.reporters.JUnitReportReporter -->
<testsuite skipped="0" hostname="vibha.local" name="com.zoopla.testcases.AgentPageTestCase" tests="2" failures="0" timestamp="27 Aug 2019 08:29:42 GMT" time="59.902" errors="0">
  <testcase name="verifyAgentNameTestCase" time="29.733" classname="com.zoopla.testcases.AgentPageTestCase"/>
  <testcase name="verifyAgentPhoneNumberTestCase" time="30.169" classname="com.zoopla.testcases.AgentPageTestCase"/>
</testsuite> <!-- com.zoopla.testcases.AgentPageTestCase -->
