<?xml version="1.0" encoding="UTF-8"?>
<!-- Generated by org.testng.reporters.JUnitReportReporter -->
<testsuite skipped="0" hostname="vibha.local" name="com.zoopla.testcases.HomePageTestCase" tests="2" failures="0" timestamp="27 Aug 2019 08:29:42 GMT" time="21.318" errors="0">
  <testcase name="VerifyPageTitle" time="5.665" classname="com.zoopla.testcases.HomePageTestCase"/>
  <testcase name="SearchHomeForSaleByLocation" time="15.653" classname="com.zoopla.testcases.HomePageTestCase"/>
</testsuite> <!-- com.zoopla.testcases.HomePageTestCase -->
