<?xml version="1.0" encoding="UTF-8"?>
<!-- Generated by org.testng.reporters.JUnitReportReporter -->
<testsuite skipped="0" hostname="vibha.local" name="com.zoopla.testcases.PropertyListPageTestCase" tests="5" failures="0" timestamp="27 Aug 2019 08:29:42 GMT" time="88.613" errors="0">
  <testcase name="clickOnSelectedPropertyTestCase" time="23.727" classname="com.zoopla.testcases.PropertyListPageTestCase"/>
  <testcase name="printAllPropertyPriceTestCase" time="16.913" classname="com.zoopla.testcases.PropertyListPageTestCase"/>
  <testcase name="printPropertyPriceInSortedOrderTestCase" time="16.541" classname="com.zoopla.testcases.PropertyListPageTestCase"/>
  <testcase name="printSelectedPropertyPriceTestCase" time="16.903" classname="com.zoopla.testcases.PropertyListPageTestCase"/>
  <testcase name="printCountOfPropertiesDisplayedTestCase" time="14.529" classname="com.zoopla.testcases.PropertyListPageTestCase"/>
</testsuite> <!-- com.zoopla.testcases.PropertyListPageTestCase -->
