<?xml version="1.0" encoding="UTF-8"?>
<!-- Generated by org.testng.reporters.JUnitReportReporter -->
<testsuite skipped="0" hostname="vibha.local" name="com.zoopla.testcases.PropertyDetailsPageTestCase" tests="2" failures="0" timestamp="27 Aug 2019 08:29:42 GMT" time="53.568" errors="0">
  <testcase name="clickOnAgentNameTestCase" time="27.045" classname="com.zoopla.testcases.PropertyDetailsPageTestCase"/>
  <testcase name="getAgentDetailsTestCase" time="26.523" classname="com.zoopla.testcases.PropertyDetailsPageTestCase"/>
</testsuite> <!-- com.zoopla.testcases.PropertyDetailsPageTestCase -->
